2026-01-29 19:34:56,589 - INFO - Starting Licensing Board Scraper Application
2026-01-29 19:34:56,589 - INFO - Initializing Scraper Service...
2026-01-29 19:34:56,589 - INFO - Fetching https://www.boston.gov/departments/licensing-board/licensing-board-information-and-members...
2026-01-29 19:34:59,049 - INFO - Parsing links...
2026-01-29 19:34:59,121 - INFO - Saving 404 video links to /home/runner/work/Licensing-Board-Scrape/Licensing-Board-Scrape/data/hearing_video_links.json...
2026-01-29 19:34:59,123 - INFO - Saved data to /home/runner/work/Licensing-Board-Scrape/Licensing-Board-Scrape/data/hearing_video_links.json
2026-01-29 19:34:59,123 - INFO - Extracting dates...
2026-01-29 19:34:59,125 - INFO - Saving 141 minutes links...
2026-01-29 19:34:59,126 - INFO - Saved data to /home/runner/work/Licensing-Board-Scrape/Licensing-Board-Scrape/data/voting_minutes_links.json
2026-01-29 19:34:59,126 - INFO - Link stats:
2026-01-29 19:34:59,126 - INFO - total_links: 605
2026-01-29 19:34:59,126 - INFO - client_side_links: 15
2026-01-29 19:34:59,126 - INFO - excluded_links: 45
2026-01-29 19:34:59,126 - INFO - video_links: 404
2026-01-29 19:34:59,126 - INFO - minutes_links: 141
2026-01-29 19:34:59,126 - INFO - Stats logged to /home/runner/work/Licensing-Board-Scrape/Licensing-Board-Scrape/data/link_stats_log.csv
2026-01-29 19:34:59,126 - INFO - Scraping completed.
2026-01-29 19:34:59,126 - INFO - Initializing Downloader Service...
2026-01-29 19:34:59,127 - INFO - Starting download process...
2026-01-29 19:34:59,283 - INFO - Saved voting_minutes_2026-01-08.pdf
2026-01-29 19:34:59,360 - INFO - Saved voting_minutes_yyyy-01-29.pdf
2026-01-29 19:34:59,511 - INFO - Saved voting_minutes_2025-01-09.pdf
2026-01-29 19:34:59,619 - INFO - Saved voting_minutes_2025-01-16.pdf
2026-01-29 19:34:59,785 - INFO - Saved voting_minutes_2025-01-23.pdf
2026-01-29 19:35:00,028 - INFO - Saved voting_minutes_2025-02-13.pdf
2026-01-29 19:35:00,290 - INFO - Saved voting_minutes_2025-02-27.pdf
2026-01-29 19:35:00,451 - INFO - Saved voting_minutes_2025-03-06.pdf
2026-01-29 19:35:00,605 - INFO - Saved voting_minutes_2025-03-27.pdf
2026-01-29 19:35:00,694 - INFO - Saved voting_minutes_2025-04-03.pdf
2026-01-29 19:35:00,887 - INFO - Saved voting_minutes_2025-04-17.pdf
2026-01-29 19:35:01,059 - INFO - Saved voting_minutes_2025-05-01.pdf
2026-01-29 19:35:01,125 - INFO - Saved voting_minutes_2025-05-15.pdf
2026-01-29 19:35:01,196 - INFO - Saved voting_minutes_2025-05-29.pdf
2026-01-29 19:35:01,324 - INFO - Saved voting_minutes_2025-06-05.pdf
2026-01-29 19:35:01,453 - INFO - Saved voting_minutes_2025-06-26.pdf
2026-01-29 19:35:01,633 - INFO - Saved voting_minutes_2025-07-17.pdf
2026-01-29 19:35:01,775 - INFO - Saved voting_minutes_2025-07-31.pdf
2026-01-29 19:35:01,915 - INFO - Saved voting_minutes_2025-08-07.pdf
2026-01-29 19:35:02,055 - INFO - Saved voting_minutes_2025-08-28.pdf
2026-01-29 19:35:02,212 - INFO - Saved voting_minutes_2025-09-18.pdf
2026-01-29 19:35:02,291 - INFO - Saved voting_minutes_2025-10-23.pdf
2026-01-29 19:35:03,689 - INFO - Saved voting_minutes_yyyy-11-06.pdf
2026-01-29 19:35:05,281 - INFO - Saved voting_minutes_yyyy-11-20.pdf
2026-01-29 19:35:05,458 - INFO - Saved voting_minutes_2025-12-04.pdf
2026-01-29 19:35:05,610 - INFO - Saved voting_minutes_2025-12-18.pdf
2026-01-29 19:35:05,956 - INFO - Saved voting_minutes_2024-01-04.pdf
2026-01-29 19:35:06,064 - INFO - Saved voting_minutes_2024-02-01.pdf
2026-01-29 19:35:06,158 - INFO - Saved voting_minutes_2024-02-08.pdf
2026-01-29 19:35:06,265 - INFO - Saved voting_minutes_2024-02-29.pdf
2026-01-29 19:35:06,341 - INFO - Saved voting_minutes_2024-03-07.pdf
2026-01-29 19:35:06,494 - INFO - Saved voting_minutes_2024-03-28.pdf
2026-01-29 19:35:06,613 - INFO - Saved voting_minutes_2024-04-04.pdf
2026-01-29 19:35:06,781 - INFO - Saved voting_minutes_2024-04-25.pdf
2026-01-29 19:35:06,874 - INFO - Saved voting_minutes_2024-05-01.pdf
2026-01-29 19:35:06,991 - INFO - Saved voting_minutes_2024-05-23.pdf
2026-01-29 19:35:07,128 - INFO - Saved voting_minutes_2024-06-06.pdf
2026-01-29 19:35:07,222 - INFO - Saved voting_minutes_2024-06-26.pdf
2026-01-29 19:35:07,361 - INFO - Saved voting_minutes_2024-07-11.pdf
2026-01-29 19:35:07,449 - INFO - Saved voting_minutes_2024-08-01.pdf
2026-01-29 19:35:07,522 - INFO - Saved voting_minutes_2024-08-08.pdf
2026-01-29 19:35:07,643 - INFO - Saved voting_minutes_2024-08-22.pdf
2026-01-29 19:35:07,723 - INFO - Saved voting_minutes_2024-09-12.pdf
2026-01-29 19:35:07,846 - INFO - Saved voting_minutes_2024-09-26.pdf
2026-01-29 19:35:07,974 - INFO - Saved voting_minutes_2024-10-17.pdf
2026-01-29 19:35:08,066 - INFO - Saved voting_minutes_2024-10-31.pdf
2026-01-29 19:35:08,154 - INFO - Saved voting_minutes_2024-11-14.pdf
2026-01-29 19:35:08,216 - INFO - Saved voting_minutes_2024-11-21.pdf
2026-01-29 19:35:08,351 - INFO - Saved voting_minutes_2024-12-12.pdf
2026-01-29 19:35:08,416 - INFO - Saved voting_minutes_2023-01-05.pdf
2026-01-29 19:35:08,553 - INFO - Saved voting_minutes_2023-01-25.pdf
2026-01-29 19:35:08,629 - INFO - Saved voting_minutes_2023-02-02.pdf
2026-01-29 19:35:08,689 - INFO - Saved voting_minutes_2023-02-16.pdf
2026-01-29 19:35:08,807 - INFO - Saved voting_minutes_2023-03-08.pdf
2026-01-29 19:35:08,922 - INFO - Saved voting_minutes_2023-03-30.pdf
2026-01-29 19:35:09,051 - INFO - Saved voting_minutes_2023-04-06.pdf
2026-01-29 19:35:09,118 - INFO - Saved voting_minutes_2023-04-27.pdf
2026-01-29 19:35:09,183 - INFO - Saved voting_minutes_2023-05-04.pdf
2026-01-29 19:35:09,248 - INFO - Saved voting_minutes_2023-05-25.pdf
2026-01-29 19:35:09,370 - INFO - Saved voting_minutes_2023-06-08.pdf
2026-01-29 19:35:09,494 - INFO - Saved voting_minutes_2023-06-29.pdf
2026-01-29 19:35:09,555 - INFO - Saved voting_minutes_2023-07-20.pdf
2026-01-29 19:35:09,675 - INFO - Saved voting_minutes_2023-08-17.pdf
2026-01-29 19:35:09,823 - INFO - Saved voting_minutes_2023-09-14.pdf
2026-01-29 19:35:09,961 - INFO - Saved voting_minutes_2023-09-28.pdf
2026-01-29 19:35:10,081 - INFO - Saved voting_minutes_2023-10-04.pdf
2026-01-29 19:35:10,159 - INFO - Saved voting_minutes_2023-10-26.pdf
2026-01-29 19:35:10,309 - INFO - Saved voting_minutes_2023-11-02.pdf
2026-01-29 19:35:10,510 - INFO - Saved voting_minutes_2023-11-16.pdf
2026-01-29 19:35:10,646 - INFO - Saved voting_minutes_2023-12-14.pdf
2026-01-29 19:35:10,836 - INFO - Saved voting_minutes_2022-01-06.pdf
2026-01-29 19:35:10,919 - INFO - Saved voting_minutes_2022-01-20.pdf
2026-01-29 19:35:11,050 - INFO - Saved voting_minutes_2022-01-27.pdf
2026-01-29 19:35:11,121 - INFO - Saved voting_minutes_2022-02-03.pdf
2026-01-29 19:35:11,177 - INFO - Saved voting_minutes_2022-02-17.pdf
2026-01-29 19:35:11,286 - INFO - Saved voting_minutes_2022-03-03.pdf
2026-01-29 19:35:11,437 - INFO - Saved voting_minutes_2022-03-24.pdf
2026-01-29 19:35:11,534 - INFO - Saved voting_minutes_2022-04-07.pdf
2026-01-29 19:35:11,658 - INFO - Saved voting_minutes_2022-04-28.pdf
2026-01-29 19:35:11,778 - INFO - Saved voting_minutes_2022-05-05.pdf
2026-01-29 19:35:11,899 - INFO - Saved voting_minutes_2022-05-26.pdf
2026-01-29 19:35:11,967 - INFO - Saved voting_minutes_2022-06-08.pdf
2026-01-29 19:35:12,048 - INFO - Saved voting_minutes_2022-06-30.pdf
2026-01-29 19:35:12,173 - INFO - Saved voting_minutes_2022-07-14.pdf
2026-01-29 19:35:12,293 - INFO - Saved voting_minutes_2022-07-28.pdf
2026-01-29 19:35:12,737 - INFO - Saved voting_minutes_2022-08-04.pdf
2026-01-29 19:35:12,864 - INFO - Saved voting_minutes_2022-08-25.pdf
2026-01-29 19:35:12,961 - INFO - Saved voting_minutes_2022-09-15.pdf
2026-01-29 19:35:13,079 - INFO - Saved voting_minutes_2022-09-29.pdf
2026-01-29 19:35:13,211 - INFO - Saved voting_minutes_2022-10-06.pdf
2026-01-29 19:35:13,300 - INFO - Saved voting_minutes_2022-10-26.pdf
2026-01-29 19:35:13,629 - INFO - Saved voting_minutes_2022-11-03.pdf
2026-01-29 19:35:13,711 - INFO - Saved voting_minutes_2022-11-17.pdf
2026-01-29 19:35:13,827 - INFO - Saved voting_minutes_2022-12-15.pdf
2026-01-29 19:35:14,014 - INFO - Saved voting_minutes_2021-01-21.pdf
2026-01-29 19:35:14,133 - INFO - Saved voting_minutes_2021-01-28.pdf
2026-01-29 19:35:14,232 - INFO - Saved voting_minutes_2021-02-04.pdf
2026-01-29 19:35:14,373 - INFO - Saved voting_minutes_2021-02-25.pdf
2026-01-29 19:35:14,488 - INFO - Saved voting_minutes_2021-03-04.pdf
2026-01-29 19:35:14,600 - INFO - Saved voting_minutes_2021-04-01.pdf
2026-01-29 19:35:14,666 - INFO - Saved voting_minutes_yyyy-mm-dd.pdf
2026-01-29 19:35:14,797 - INFO - Saved voting_minutes_2021-04-08.pdf
2026-01-29 19:35:14,896 - INFO - No change - voting_minutes_yyyy-mm-dd.pdf is up to date
2026-01-29 19:35:14,970 - INFO - Saved voting_minutes_2021-04-20.pdf
2026-01-29 19:35:15,049 - INFO - Saved voting_minutes_2021-04-29.pdf
2026-01-29 19:35:15,139 - INFO - Saved voting_minutes_2021-05-06.pdf
2026-01-29 19:35:15,264 - INFO - Saved voting_minutes_2021-05-27.pdf
2026-01-29 19:35:15,375 - INFO - Saved voting_minutes_2021-06-03.pdf
2026-01-29 19:35:15,515 - INFO - Saved voting_minutes_2021-06-24.pdf
2026-01-29 19:35:15,600 - INFO - Saved voting_minutes_2021-07-01.pdf
2026-01-29 19:35:15,704 - INFO - Saved voting_minutes_2021-07-29.pdf
2026-01-29 19:35:15,821 - INFO - Saved voting_minutes_2021-08-09.pdf
2026-01-29 19:35:16,023 - INFO - Saved voting_minutes_2021-08-26.pdf
2026-01-29 19:35:16,163 - INFO - Saved voting_minutes_2021-09-02.pdf
2026-01-29 19:35:16,304 - INFO - Saved voting_minutes_2021-09-30.pdf
2026-01-29 19:35:16,377 - INFO - Saved voting_minutes_2021-10-07.pdf
2026-01-29 19:35:16,513 - INFO - Saved voting_minutes_2021-10-28.pdf
2026-01-29 19:35:16,578 - INFO - Saved voting_minutes_2021-11-04.pdf
2026-01-29 19:35:16,636 - INFO - Saved voting_minutes_2021-11-18.pdf
2026-01-29 19:35:16,768 - INFO - Saved voting_minutes_2021-12-02.pdf
2026-01-29 19:35:16,839 - INFO - Saved voting_minutes_2021-12-16.pdf
2026-01-29 19:35:16,900 - INFO - Saved voting_minutes_2020-12-23.pdf
2026-01-29 19:35:16,962 - INFO - Saved voting_minutes_2020-12-03.pdf
2026-01-29 19:35:17,040 - INFO - Saved voting_minutes_2020-11-05.pdf
2026-01-29 19:35:17,121 - INFO - Saved voting_minutes_2020-10-29.pdf
2026-01-29 19:35:17,253 - INFO - Saved voting_minutes_2020-10-08.pdf
2026-01-29 19:35:17,332 - INFO - Saved voting_minutes_2020-10-01.pdf
2026-01-29 19:35:17,408 - INFO - Saved voting_minutes_2020-09-17.pdf
2026-01-29 19:35:17,496 - INFO - Saved voting_minutes_2020-09-10.pdf
2026-01-29 19:35:17,612 - INFO - No change - voting_minutes_2020-09-10.pdf is up to date
2026-01-29 19:35:17,735 - INFO - Saved voting_minutes_2020-08-20.pdf
2026-01-29 19:35:17,888 - INFO - Saved voting_minutes_2020-08-13.pdf
2026-01-29 19:35:18,015 - INFO - Saved voting_minutes_2020-07-30.pdf
2026-01-29 19:35:18,140 - INFO - Saved voting_minutes_2020-07-16.pdf
2026-01-29 19:35:18,259 - INFO - Saved voting_minutes_2020-06-04.pdf
2026-01-29 19:35:18,376 - INFO - Saved voting_minutes_2020-05-28.pdf
2026-01-29 19:35:18,466 - INFO - Saved voting_minutes_2020-05-21.pdf
2026-01-29 19:35:18,608 - INFO - Saved voting_minutes_2020-05-14.pdf
2026-01-29 19:35:18,673 - INFO - Saved voting_minutes_2020-05-07.pdf
2026-01-29 19:35:18,767 - INFO - Saved voting_minutes_2020-04-23.pdf
2026-01-29 19:35:18,835 - INFO - Saved voting_minutes_2020-04-30.pdf
2026-01-29 19:35:18,836 - INFO - Download process completed.
2026-01-29 19:35:18,836 - INFO - Application finished successfully.
2026-01-29 19:35:18,836 - INFO - Total runtime: 0 minutes 22.25 seconds
