2026-01-30 21:22:50,950 - INFO - Starting Licensing Board Scraper Application
2026-01-30 21:22:50,950 - INFO - Initializing Scraper Service...
2026-01-30 21:22:50,950 - INFO - Fetching https://www.boston.gov/departments/licensing-board/licensing-board-information-and-members...
2026-01-30 21:22:53,791 - INFO - Parsing links...
2026-01-30 21:22:53,861 - INFO - Saving 404 video links to /home/runner/work/Licensing-Board-Scrape/Licensing-Board-Scrape/scraper/scrape/data/hearing_video_links.json...
2026-01-30 21:22:53,863 - INFO - Saved data to /home/runner/work/Licensing-Board-Scrape/Licensing-Board-Scrape/scraper/scrape/data/hearing_video_links.json
2026-01-30 21:22:53,863 - INFO - Extracting dates...
2026-01-30 21:22:53,865 - INFO - Saving 141 minutes links...
2026-01-30 21:22:53,866 - INFO - Saved data to /home/runner/work/Licensing-Board-Scrape/Licensing-Board-Scrape/scraper/scrape/data/voting_minutes_links.json
2026-01-30 21:22:53,866 - INFO - Link stats:
2026-01-30 21:22:53,866 - INFO - total_links: 605
2026-01-30 21:22:53,866 - INFO - client_side_links: 15
2026-01-30 21:22:53,866 - INFO - excluded_links: 45
2026-01-30 21:22:53,866 - INFO - video_links: 404
2026-01-30 21:22:53,866 - INFO - minutes_links: 141
2026-01-30 21:22:53,866 - INFO - Stats logged to /home/runner/work/Licensing-Board-Scrape/Licensing-Board-Scrape/scraper/scrape/data/link_stats_log.csv
2026-01-30 21:22:53,866 - INFO - Scraping completed.
2026-01-30 21:22:53,867 - INFO - Initializing Downloader Service with download_dir: ./voting_minutes_pdfs
2026-01-30 21:22:53,867 - INFO - Starting download process...
2026-01-30 21:22:54,442 - INFO - Saved voting_minutes_2026-01-08.pdf
2026-01-30 21:22:54,966 - INFO - Saved voting_minutes_2026-01-29.pdf
2026-01-30 21:22:55,226 - INFO - Saved voting_minutes_2025-01-09.pdf
2026-01-30 21:22:55,740 - INFO - Saved voting_minutes_2025-01-16.pdf
2026-01-30 21:22:56,188 - INFO - Saved voting_minutes_2025-01-23.pdf
2026-01-30 21:22:56,698 - INFO - Saved voting_minutes_2025-02-13.pdf
2026-01-30 21:22:57,195 - INFO - Saved voting_minutes_2025-02-27.pdf
2026-01-30 21:22:58,048 - INFO - Saved voting_minutes_2025-03-06.pdf
2026-01-30 21:22:58,565 - INFO - Saved voting_minutes_2025-03-27.pdf
2026-01-30 21:22:59,101 - INFO - Saved voting_minutes_2025-04-03.pdf
2026-01-30 21:22:59,551 - INFO - Saved voting_minutes_2025-04-17.pdf
2026-01-30 21:22:59,964 - INFO - Saved voting_minutes_2025-05-01.pdf
2026-01-30 21:23:00,345 - INFO - Saved voting_minutes_2025-05-15.pdf
2026-01-30 21:23:00,792 - INFO - Saved voting_minutes_2025-05-29.pdf
2026-01-30 21:23:01,314 - INFO - Saved voting_minutes_2025-06-05.pdf
2026-01-30 21:23:01,665 - INFO - Saved voting_minutes_2025-06-26.pdf
2026-01-30 21:23:02,331 - INFO - Saved voting_minutes_2025-07-17.pdf
2026-01-30 21:23:02,819 - INFO - Saved voting_minutes_2025-07-31.pdf
2026-01-30 21:23:03,270 - INFO - Saved voting_minutes_2025-08-07.pdf
2026-01-30 21:23:03,887 - INFO - Saved voting_minutes_2025-08-28.pdf
2026-01-30 21:23:04,412 - INFO - Saved voting_minutes_2025-09-18.pdf
2026-01-30 21:23:04,953 - INFO - Saved voting_minutes_2025-10-23.pdf
2026-01-30 21:23:06,922 - INFO - Saved voting_minutes_yyyy-11-06.pdf
2026-01-30 21:23:08,554 - INFO - Saved voting_minutes_yyyy-11-20.pdf
2026-01-30 21:23:08,988 - INFO - Saved voting_minutes_2025-12-04.pdf
2026-01-30 21:23:09,670 - INFO - Saved voting_minutes_2025-12-18.pdf
2026-01-30 21:23:10,114 - INFO - Saved voting_minutes_2024-01-04.pdf
2026-01-30 21:23:10,597 - INFO - Saved voting_minutes_2024-02-01.pdf
2026-01-30 21:23:11,161 - INFO - Saved voting_minutes_2024-02-08.pdf
2026-01-30 21:23:11,619 - INFO - Saved voting_minutes_2024-02-29.pdf
2026-01-30 21:23:12,079 - INFO - Saved voting_minutes_2024-03-07.pdf
2026-01-30 21:23:12,562 - INFO - Saved voting_minutes_2024-03-28.pdf
2026-01-30 21:23:12,953 - INFO - Saved voting_minutes_2024-04-04.pdf
2026-01-30 21:23:13,352 - INFO - Saved voting_minutes_2024-04-25.pdf
2026-01-30 21:23:13,793 - INFO - Saved voting_minutes_2024-05-01.pdf
2026-01-30 21:23:14,203 - INFO - Saved voting_minutes_2024-05-23.pdf
2026-01-30 21:23:14,586 - INFO - Saved voting_minutes_2024-06-06.pdf
2026-01-30 21:23:14,982 - INFO - Saved voting_minutes_2024-06-26.pdf
2026-01-30 21:23:15,571 - INFO - Saved voting_minutes_2024-07-11.pdf
2026-01-30 21:23:16,042 - INFO - Saved voting_minutes_2024-08-01.pdf
2026-01-30 21:23:17,192 - INFO - Saved voting_minutes_2024-08-08.pdf
2026-01-30 21:23:17,604 - INFO - Saved voting_minutes_2024-08-22.pdf
2026-01-30 21:23:17,984 - INFO - Saved voting_minutes_2024-09-12.pdf
2026-01-30 21:23:18,429 - INFO - Saved voting_minutes_2024-09-26.pdf
2026-01-30 21:23:18,841 - INFO - Saved voting_minutes_2024-10-17.pdf
2026-01-30 21:23:19,231 - INFO - Saved voting_minutes_2024-10-31.pdf
2026-01-30 21:23:19,632 - INFO - Saved voting_minutes_2024-11-14.pdf
2026-01-30 21:23:20,770 - INFO - Saved voting_minutes_2024-11-21.pdf
2026-01-30 21:23:21,270 - INFO - Saved voting_minutes_2024-12-12.pdf
2026-01-30 21:23:21,690 - INFO - Saved voting_minutes_2023-01-05.pdf
2026-01-30 21:23:22,067 - INFO - Saved voting_minutes_2023-01-25.pdf
2026-01-30 21:23:22,461 - INFO - Saved voting_minutes_2023-02-02.pdf
2026-01-30 21:23:22,780 - INFO - Saved voting_minutes_2023-02-16.pdf
2026-01-30 21:23:23,226 - INFO - Saved voting_minutes_2023-03-08.pdf
2026-01-30 21:23:23,621 - INFO - Saved voting_minutes_2023-03-30.pdf
2026-01-30 21:23:24,009 - INFO - Saved voting_minutes_2023-04-06.pdf
2026-01-30 21:23:24,426 - INFO - Saved voting_minutes_2023-04-27.pdf
2026-01-30 21:23:25,005 - INFO - Saved voting_minutes_2023-05-04.pdf
2026-01-30 21:23:25,400 - INFO - Saved voting_minutes_2023-05-25.pdf
2026-01-30 21:23:25,783 - INFO - Saved voting_minutes_2023-06-08.pdf
2026-01-30 21:23:26,211 - INFO - Saved voting_minutes_2023-06-29.pdf
2026-01-30 21:23:26,560 - INFO - Saved voting_minutes_2023-07-20.pdf
2026-01-30 21:23:26,840 - INFO - Saved voting_minutes_2023-08-17.pdf
2026-01-30 21:23:27,234 - INFO - Saved voting_minutes_2023-09-14.pdf
2026-01-30 21:23:27,602 - INFO - Saved voting_minutes_2023-09-28.pdf
2026-01-30 21:23:28,035 - INFO - Saved voting_minutes_2023-10-04.pdf
2026-01-30 21:23:28,457 - INFO - Saved voting_minutes_2023-10-26.pdf
2026-01-30 21:23:28,887 - INFO - Saved voting_minutes_2023-11-02.pdf
2026-01-30 21:23:29,272 - INFO - Saved voting_minutes_2023-11-16.pdf
2026-01-30 21:23:29,697 - INFO - Saved voting_minutes_2023-12-14.pdf
2026-01-30 21:23:30,094 - INFO - Saved voting_minutes_2022-01-06.pdf
2026-01-30 21:23:30,514 - INFO - Saved voting_minutes_2022-01-20.pdf
2026-01-30 21:23:30,873 - INFO - Saved voting_minutes_2022-01-27.pdf
2026-01-30 21:23:31,306 - INFO - Saved voting_minutes_2022-02-03.pdf
2026-01-30 21:23:31,665 - INFO - Saved voting_minutes_2022-02-17.pdf
2026-01-30 21:23:32,071 - INFO - Saved voting_minutes_2022-03-03.pdf
2026-01-30 21:23:32,507 - INFO - Saved voting_minutes_2022-03-24.pdf
2026-01-30 21:23:32,945 - INFO - Saved voting_minutes_2022-04-07.pdf
2026-01-30 21:23:33,312 - INFO - Saved voting_minutes_2022-04-28.pdf
2026-01-30 21:23:33,674 - INFO - Saved voting_minutes_2022-05-05.pdf
2026-01-30 21:23:33,908 - INFO - Saved voting_minutes_2022-05-26.pdf
2026-01-30 21:23:34,338 - INFO - Saved voting_minutes_2022-06-08.pdf
2026-01-30 21:23:34,755 - INFO - Saved voting_minutes_2022-06-30.pdf
2026-01-30 21:23:35,052 - INFO - Saved voting_minutes_2022-07-14.pdf
2026-01-30 21:23:35,530 - INFO - Saved voting_minutes_2022-07-28.pdf
2026-01-30 21:23:35,837 - INFO - Saved voting_minutes_2022-08-04.pdf
2026-01-30 21:23:36,414 - INFO - Saved voting_minutes_2022-08-25.pdf
2026-01-30 21:23:36,785 - INFO - Saved voting_minutes_2022-09-15.pdf
2026-01-30 21:23:37,284 - INFO - Saved voting_minutes_2022-09-29.pdf
2026-01-30 21:23:37,771 - INFO - Saved voting_minutes_2022-10-06.pdf
2026-01-30 21:23:38,151 - INFO - Saved voting_minutes_2022-10-26.pdf
2026-01-30 21:23:38,524 - INFO - Saved voting_minutes_2022-11-03.pdf
2026-01-30 21:23:38,877 - INFO - Saved voting_minutes_2022-11-17.pdf
2026-01-30 21:23:39,300 - INFO - Saved voting_minutes_2022-12-15.pdf
2026-01-30 21:23:39,691 - INFO - Saved voting_minutes_2021-01-21.pdf
2026-01-30 21:23:40,158 - INFO - Saved voting_minutes_2021-01-28.pdf
2026-01-30 21:23:40,538 - INFO - Saved voting_minutes_2021-02-04.pdf
2026-01-30 21:23:40,938 - INFO - Saved voting_minutes_2021-02-25.pdf
2026-01-30 21:23:41,351 - INFO - Saved voting_minutes_2021-03-04.pdf
2026-01-30 21:23:41,711 - INFO - Saved voting_minutes_2021-04-01.pdf
2026-01-30 21:23:42,163 - INFO - Saved voting_minutes_yyyy-mm-dd.pdf
2026-01-30 21:23:42,528 - INFO - Saved voting_minutes_2021-04-08.pdf
2026-01-30 21:23:42,870 - INFO - No change - voting_minutes_yyyy-mm-dd.pdf is up to date
2026-01-30 21:23:43,219 - INFO - Saved voting_minutes_2021-04-20.pdf
2026-01-30 21:23:43,605 - INFO - Saved voting_minutes_2021-04-29.pdf
2026-01-30 21:23:43,984 - INFO - Saved voting_minutes_2021-05-06.pdf
2026-01-30 21:23:44,368 - INFO - Saved voting_minutes_2021-05-27.pdf
2026-01-30 21:23:44,729 - INFO - Saved voting_minutes_2021-06-03.pdf
2026-01-30 21:23:45,126 - INFO - Saved voting_minutes_2021-06-24.pdf
2026-01-30 21:23:45,554 - INFO - Saved voting_minutes_2021-07-01.pdf
2026-01-30 21:23:46,084 - INFO - Saved voting_minutes_2021-07-29.pdf
2026-01-30 21:23:46,504 - INFO - Saved voting_minutes_2021-08-09.pdf
2026-01-30 21:23:46,946 - INFO - Saved voting_minutes_2021-08-26.pdf
2026-01-30 21:23:47,366 - INFO - Saved voting_minutes_2021-09-02.pdf
2026-01-30 21:23:47,822 - INFO - Saved voting_minutes_2021-09-30.pdf
2026-01-30 21:23:48,294 - INFO - Saved voting_minutes_2021-10-07.pdf
2026-01-30 21:23:48,691 - INFO - Saved voting_minutes_2021-10-28.pdf
2026-01-30 21:23:49,203 - INFO - Saved voting_minutes_2021-11-04.pdf
2026-01-30 21:23:49,607 - INFO - Saved voting_minutes_2021-11-18.pdf
2026-01-30 21:23:50,115 - INFO - Saved voting_minutes_2021-12-02.pdf
2026-01-30 21:23:50,580 - INFO - Saved voting_minutes_2021-12-16.pdf
2026-01-30 21:23:51,013 - INFO - Saved voting_minutes_2020-12-23.pdf
2026-01-30 21:23:51,409 - INFO - Saved voting_minutes_2020-12-03.pdf
2026-01-30 21:23:51,810 - INFO - Saved voting_minutes_2020-11-05.pdf
2026-01-30 21:23:52,244 - INFO - Saved voting_minutes_2020-10-29.pdf
2026-01-30 21:23:52,612 - INFO - Saved voting_minutes_2020-10-08.pdf
2026-01-30 21:23:53,109 - INFO - Saved voting_minutes_2020-10-01.pdf
2026-01-30 21:23:53,416 - INFO - Saved voting_minutes_2020-09-17.pdf
2026-01-30 21:23:53,825 - INFO - Saved voting_minutes_2020-09-10.pdf
2026-01-30 21:23:54,247 - INFO - No change - voting_minutes_2020-09-10.pdf is up to date
2026-01-30 21:23:54,658 - INFO - Saved voting_minutes_2020-08-20.pdf
2026-01-30 21:23:55,085 - INFO - Saved voting_minutes_2020-08-13.pdf
2026-01-30 21:23:55,457 - INFO - Saved voting_minutes_2020-07-30.pdf
2026-01-30 21:23:55,872 - INFO - Saved voting_minutes_2020-07-16.pdf
2026-01-30 21:23:56,259 - INFO - Saved voting_minutes_2020-06-04.pdf
2026-01-30 21:23:56,684 - INFO - Saved voting_minutes_2020-05-28.pdf
2026-01-30 21:23:57,046 - INFO - Saved voting_minutes_2020-05-21.pdf
2026-01-30 21:23:57,425 - INFO - Saved voting_minutes_2020-05-14.pdf
2026-01-30 21:23:57,811 - INFO - Saved voting_minutes_2020-05-07.pdf
2026-01-30 21:23:58,193 - INFO - Saved voting_minutes_2020-04-23.pdf
2026-01-30 21:23:58,608 - INFO - Saved voting_minutes_2020-04-30.pdf
2026-01-30 21:23:58,609 - INFO - Download process completed.
2026-01-30 21:23:58,609 - INFO - Application finished successfully.
2026-01-30 21:23:58,609 - INFO - Total runtime: 1 minutes 7.66 seconds
